Using pre-set license
Built from '2020.3/staging' branch; Version is '2020.3.0f1 (c7b5465681fb) revision 13088070'; Using compiler version '192528614'; Build Type 'Release'
OS: 'Windows 10 Pro; OS build 19042.804; Version 2009; 64bit' Language: 'en' Physical Memory: 32689 MB
BatchMode: 1, IsHumanControllingUs: 0, StartBugReporterOnCrash: 0, Is64bit: 1, IsPro: 0

 COMMAND LINE ARGUMENTS:
C:\Program Files\Unity\Hub\Editor\2020.3.0f1\Editor\Unity.exe
-adb2
-batchMode
-noUpm
-name
AssetImportWorker0
-projectPath
E:/School/Github/ProjectContext-Horror/ProtoType - Context jaar 2
-logFile
Logs/AssetImportWorker0.log
-srvPort
51353
Successfully changed project path to: E:/School/Github/ProjectContext-Horror/ProtoType - Context jaar 2
E:/School/Github/ProjectContext-Horror/ProtoType - Context jaar 2
Using Asset Import Pipeline V2.
Refreshing native plugins compatible for Editor in 19.84 ms, found 0 plugins.
Preloading 0 native plugins for Editor in 0.00 ms.
Initialize engine version: 2020.3.0f1 (c7b5465681fb)
[Subsystems] Discovering subsystems at path C:/Program Files/Unity/Hub/Editor/2020.3.0f1/Editor/Data/Resources/UnitySubsystems
[Subsystems] Discovering subsystems at path E:/School/Github/ProjectContext-Horror/ProtoType - Context jaar 2/Assets
GfxDevice: creating device client; threaded=0
Direct3D:
    Version:  Direct3D 11.0 [level 11.1]
    Renderer: NVIDIA GeForce GTX 1080 (ID=0x1b80)
    Vendor:   
    VRAM:     8079 MB
    Driver:   27.21.14.6172
Initialize mono
Mono path[0] = 'C:/Program Files/Unity/Hub/Editor/2020.3.0f1/Editor/Data/Managed'
Mono path[1] = 'C:/Program Files/Unity/Hub/Editor/2020.3.0f1/Editor/Data/MonoBleedingEdge/lib/mono/unityjit'
Mono config path = 'C:/Program Files/Unity/Hub/Editor/2020.3.0f1/Editor/Data/MonoBleedingEdge/etc'
Using monoOptions --debugger-agent=transport=dt_socket,embedding=1,server=y,suspend=n,address=127.0.0.1:56900
Begin MonoManager ReloadAssembly
Registering precompiled unity dll's ...
Register platform support module: C:/Program Files/Unity/Hub/Editor/2020.3.0f1/Editor/Data/PlaybackEngines/WindowsStandaloneSupport/UnityEditor.WindowsStandalone.Extensions.dll
Registered in 0.001482 seconds.
Native extension for WindowsStandalone target not found
Refreshing native plugins compatible for Editor in 19.38 ms, found 0 plugins.
Preloading 0 native plugins for Editor in 0.00 ms.
Invoked RoslynAnalysisRunner static constructor.
RoslynAnalysisRunner will not be running.
RoslynAnalysisRunner has terminated.
Mono: successfully reloaded assembly
- Completed reload, in  1.356 seconds
Platform modules already initialized, skipping
Registering precompiled user dll's ...
Registered in 0.000333 seconds.
Begin MonoManager ReloadAssembly
Native extension for WindowsStandalone target not found
Refreshing native plugins compatible for Editor in 0.24 ms, found 0 plugins.
Preloading 0 native plugins for Editor in 0.00 ms.
Invoked RoslynAnalysisRunner static constructor.
RoslynAnalysisRunner will not be running.
RoslynAnalysisRunner has terminated.
Mono: successfully reloaded assembly
- Completed reload, in  0.611 seconds
Platform modules already initialized, skipping
========================================================================
Worker process is ready to serve import requests
Launched and connected shader compiler UnityShaderCompiler.exe after 0.03 seconds
Refreshing native plugins compatible for Editor in 0.24 ms, found 0 plugins.
Preloading 0 native plugins for Editor in 0.00 ms.
Unloading 1129 Unused Serialized files (Serialized files now loaded: 0)
System memory in use before: 57.5 MB.
System memory in use after: 57.6 MB.

Unloading 9 unused Assets to reduce memory usage. Loaded Objects now: 1572.
Total: 1.666900 ms (FindLiveObjects: 0.161400 ms CreateObjectMapping: 0.031100 ms MarkObjects: 1.411000 ms  DeleteObjects: 0.062600 ms)

========================================================================
Received Import Request.
  path: Assets/Team_1_demo_1 (1).mp3
  artifactKey: Guid(2c0b0822ec2f52a41a41e5d259e0f6da) Importer(815301076,1909f56bfc062723c751e8b465ee728b)
Start importing Assets/Team_1_demo_1 (1).mp3 using Guid(2c0b0822ec2f52a41a41e5d259e0f6da) Importer(815301076,1909f56bfc062723c751e8b465ee728b)  -> (artifact id: '6a3653ce73b250995a5541f71541f10b') in 0.072869 seconds
  Import took 0.074721 seconds .

========================================================================
Received Import Request.
  Time since last request: 56.082650 seconds.
  path: Assets/Scenes
  artifactKey: Guid(a12ee6d5f82038e4285b247947612b2a) Importer(815301076,1909f56bfc062723c751e8b465ee728b)
Start importing Assets/Scenes using Guid(a12ee6d5f82038e4285b247947612b2a) Importer(815301076,1909f56bfc062723c751e8b465ee728b)  -> (artifact id: 'e04f079de6514ed8583956b8d5329315') in 0.007876 seconds
  Import took 0.009829 seconds .

========================================================================
Received Import Request.
  Time since last request: 0.002622 seconds.
  path: Assets/Scenes
  artifactKey: Guid(a12ee6d5f82038e4285b247947612b2a) Importer(815301076,1909f56bfc062723c751e8b465ee728b)
Start importing Assets/Scenes using Guid(a12ee6d5f82038e4285b247947612b2a) Importer(815301076,1909f56bfc062723c751e8b465ee728b)  -> (artifact id: 'e04f079de6514ed8583956b8d5329315') in 0.001488 seconds
  Import took 0.002898 seconds .

========================================================================
Received Import Request.
  Time since last request: 0.909865 seconds.
  path: Assets/Scenes/FirstScene.unity
  artifactKey: Guid(04ede9cc506cfe64fa96f2ccd734d14a) Importer(815301076,1909f56bfc062723c751e8b465ee728b)
Start importing Assets/Scenes/FirstScene.unity using Guid(04ede9cc506cfe64fa96f2ccd734d14a) Importer(815301076,1909f56bfc062723c751e8b465ee728b)  -> (artifact id: '8f5e17f0b3ac8f66dd67a2c3d58e4b22') in 0.005212 seconds
  Import took 0.007195 seconds .

========================================================================
Received Import Request.
  Time since last request: 0.000571 seconds.
  path: Assets/Scenes/FirstScene.unity
  artifactKey: Guid(04ede9cc506cfe64fa96f2ccd734d14a) Importer(815301076,1909f56bfc062723c751e8b465ee728b)
Start importing Assets/Scenes/FirstScene.unity using Guid(04ede9cc506cfe64fa96f2ccd734d14a) Importer(815301076,1909f56bfc062723c751e8b465ee728b)  -> (artifact id: '8f5e17f0b3ac8f66dd67a2c3d58e4b22') in 0.001745 seconds
  Import took 0.003160 seconds .

========================================================================
Received Prepare
Registering precompiled user dll's ...
Registered in 0.000387 seconds.
Begin MonoManager ReloadAssembly
Native extension for WindowsStandalone target not found
Refreshing native plugins compatible for Editor in 0.24 ms, found 0 plugins.
Preloading 0 native plugins for Editor in 0.00 ms.
Invoked RoslynAnalysisRunner static constructor.
RoslynAnalysisRunner will not be running.
RoslynAnalysisRunner has terminated.
Mono: successfully reloaded assembly
- Completed reload, in  0.573 seconds
Platform modules already initialized, skipping
Refreshing native plugins compatible for Editor in 0.15 ms, found 0 plugins.
Preloading 0 native plugins for Editor in 0.00 ms.
Unloading 1119 Unused Serialized files (Serialized files now loaded: 0)
System memory in use before: 60.3 MB.
System memory in use after: 60.4 MB.

Unloading 4 unused Assets to reduce memory usage. Loaded Objects now: 1584.
Total: 1.626900 ms (FindLiveObjects: 0.139400 ms CreateObjectMapping: 0.024100 ms MarkObjects: 1.448000 ms  DeleteObjects: 0.014200 ms)

AssetImportWorkerClient::OnTransportError - code=2 error=End of file
